{"/Users/samuelosuh/codes/sendit-react/src/components/forms/LoginForm.jsx": {"path":"/Users/samuelosuh/codes/sendit-react/src/components/forms/LoginForm.jsx","statementMap":{"0":{"start":{"line":7,"column":20},"end":{"line":23,"column":1}},"1":{"start":{"line":13,"column":2},"end":{"line":22,"column":3}},"2":{"start":{"line":26,"column":18},"end":{"line":69,"column":1}},"3":{"start":{"line":27,"column":76},"end":{"line":27,"column":81}},"4":{"start":{"line":28,"column":2},"end":{"line":68,"column":3}}},"fnMap":{"0":{"name":"(anonymous_0)","decl":{"start":{"line":7,"column":20},"end":{"line":7,"column":21}},"loc":{"start":{"line":12,"column":6},"end":{"line":23,"column":1}},"line":12},"1":{"name":"(anonymous_1)","decl":{"start":{"line":26,"column":18},"end":{"line":26,"column":19}},"loc":{"start":{"line":26,"column":27},"end":{"line":69,"column":1}},"line":26}},"branchMap":{"0":{"loc":{"start":{"line":16,"column":7},"end":{"line":17,"column":68}},"type":"binary-expr","locations":[{"start":{"line":16,"column":7},"end":{"line":16,"column":14}},{"start":{"line":17,"column":10},"end":{"line":17,"column":15}},{"start":{"line":17,"column":19},"end":{"line":17,"column":66}}],"line":16},"1":{"loc":{"start":{"line":32,"column":9},"end":{"line":33,"column":90}},"type":"binary-expr","locations":[{"start":{"line":32,"column":9},"end":{"line":32,"column":27}},{"start":{"line":33,"column":8},"end":{"line":33,"column":90}}],"line":32}},"s":{"0":2,"1":0,"2":2,"3":0,"4":0},"f":{"0":0,"1":0},"b":{"0":[0,0,0],"1":[0,0]},"_coverageSchema":"43e27e138ebf9cfc5966b082cf9a028302ed4184","hash":"23cd2ddc99e15306feb1c63cccc959267d4fb1c7"}
,"/Users/samuelosuh/codes/sendit-react/src/components/forms/rules/formRules.js": {"path":"/Users/samuelosuh/codes/sendit-react/src/components/forms/rules/formRules.js","statementMap":{"0":{"start":{"line":14,"column":30},"end":{"line":17,"column":1}},"1":{"start":{"line":19,"column":31},"end":{"line":25,"column":1}}},"fnMap":{},"branchMap":{},"s":{"0":2,"1":2},"f":{},"b":{},"_coverageSchema":"43e27e138ebf9cfc5966b082cf9a028302ed4184","hash":"ed9d4d20f48c9ec802b1529bdda17825ca7da1b7"}
,"/Users/samuelosuh/codes/sendit-react/src/components/forms/rules/rules.js": {"path":"/Users/samuelosuh/codes/sendit-react/src/components/forms/rules/rules.js","statementMap":{"0":{"start":{"line":1,"column":24},"end":{"line":1,"column":94}},"1":{"start":{"line":1,"column":34},"end":{"line":1,"column":93}},"2":{"start":{"line":3,"column":25},"end":{"line":4,"column":79}},"3":{"start":{"line":3,"column":32},"end":{"line":4,"column":79}},"4":{"start":{"line":4,"column":2},"end":{"line":4,"column":79}},"5":{"start":{"line":6,"column":25},"end":{"line":7,"column":79}},"6":{"start":{"line":6,"column":32},"end":{"line":7,"column":79}},"7":{"start":{"line":7,"column":2},"end":{"line":7,"column":79}},"8":{"start":{"line":9,"column":22},"end":{"line":10,"column":64}},"9":{"start":{"line":10,"column":2},"end":{"line":10,"column":64}},"10":{"start":{"line":12,"column":24},"end":{"line":13,"column":62}},"11":{"start":{"line":12,"column":31},"end":{"line":13,"column":62}},"12":{"start":{"line":13,"column":2},"end":{"line":13,"column":62}},"13":{"start":{"line":15,"column":21},"end":{"line":18,"column":15}},"14":{"start":{"line":16,"column":2},"end":{"line":18,"column":15}},"15":{"start":{"line":20,"column":28},"end":{"line":23,"column":15}},"16":{"start":{"line":21,"column":2},"end":{"line":23,"column":15}},"17":{"start":{"line":25,"column":26},"end":{"line":25,"column":38}},"18":{"start":{"line":26,"column":26},"end":{"line":26,"column":38}},"19":{"start":{"line":27,"column":26},"end":{"line":27,"column":38}},"20":{"start":{"line":28,"column":27},"end":{"line":28,"column":40}},"21":{"start":{"line":30,"column":27},"end":{"line":30,"column":40}},"22":{"start":{"line":31,"column":27},"end":{"line":31,"column":40}},"23":{"start":{"line":32,"column":27},"end":{"line":32,"column":40}},"24":{"start":{"line":33,"column":27},"end":{"line":33,"column":40}},"25":{"start":{"line":34,"column":28},"end":{"line":34,"column":42}}},"fnMap":{"0":{"name":"(anonymous_0)","decl":{"start":{"line":1,"column":24},"end":{"line":1,"column":25}},"loc":{"start":{"line":1,"column":34},"end":{"line":1,"column":93}},"line":1},"1":{"name":"(anonymous_1)","decl":{"start":{"line":3,"column":25},"end":{"line":3,"column":26}},"loc":{"start":{"line":3,"column":32},"end":{"line":4,"column":79}},"line":3},"2":{"name":"(anonymous_2)","decl":{"start":{"line":3,"column":32},"end":{"line":3,"column":33}},"loc":{"start":{"line":4,"column":2},"end":{"line":4,"column":79}},"line":4},"3":{"name":"(anonymous_3)","decl":{"start":{"line":6,"column":25},"end":{"line":6,"column":26}},"loc":{"start":{"line":6,"column":32},"end":{"line":7,"column":79}},"line":6},"4":{"name":"(anonymous_4)","decl":{"start":{"line":6,"column":32},"end":{"line":6,"column":33}},"loc":{"start":{"line":7,"column":2},"end":{"line":7,"column":79}},"line":7},"5":{"name":"(anonymous_5)","decl":{"start":{"line":9,"column":22},"end":{"line":9,"column":23}},"loc":{"start":{"line":10,"column":2},"end":{"line":10,"column":64}},"line":10},"6":{"name":"(anonymous_6)","decl":{"start":{"line":12,"column":24},"end":{"line":12,"column":25}},"loc":{"start":{"line":12,"column":31},"end":{"line":13,"column":62}},"line":12},"7":{"name":"(anonymous_7)","decl":{"start":{"line":12,"column":31},"end":{"line":12,"column":32}},"loc":{"start":{"line":13,"column":2},"end":{"line":13,"column":62}},"line":13},"8":{"name":"(anonymous_8)","decl":{"start":{"line":15,"column":21},"end":{"line":15,"column":22}},"loc":{"start":{"line":16,"column":2},"end":{"line":18,"column":15}},"line":16},"9":{"name":"(anonymous_9)","decl":{"start":{"line":20,"column":28},"end":{"line":20,"column":29}},"loc":{"start":{"line":21,"column":2},"end":{"line":23,"column":15}},"line":21}},"branchMap":{"0":{"loc":{"start":{"line":1,"column":34},"end":{"line":1,"column":93}},"type":"cond-expr","locations":[{"start":{"line":1,"column":71},"end":{"line":1,"column":80}},{"start":{"line":1,"column":83},"end":{"line":1,"column":93}}],"line":1},"1":{"loc":{"start":{"line":1,"column":34},"end":{"line":1,"column":68}},"type":"binary-expr","locations":[{"start":{"line":1,"column":34},"end":{"line":1,"column":39}},{"start":{"line":1,"column":43},"end":{"line":1,"column":68}}],"line":1},"2":{"loc":{"start":{"line":4,"column":2},"end":{"line":4,"column":79}},"type":"cond-expr","locations":[{"start":{"line":4,"column":32},"end":{"line":4,"column":67}},{"start":{"line":4,"column":70},"end":{"line":4,"column":79}}],"line":4},"3":{"loc":{"start":{"line":4,"column":2},"end":{"line":4,"column":29}},"type":"binary-expr","locations":[{"start":{"line":4,"column":2},"end":{"line":4,"column":7}},{"start":{"line":4,"column":11},"end":{"line":4,"column":29}}],"line":4},"4":{"loc":{"start":{"line":7,"column":2},"end":{"line":7,"column":79}},"type":"cond-expr","locations":[{"start":{"line":7,"column":32},"end":{"line":7,"column":67}},{"start":{"line":7,"column":70},"end":{"line":7,"column":79}}],"line":7},"5":{"loc":{"start":{"line":7,"column":2},"end":{"line":7,"column":29}},"type":"binary-expr","locations":[{"start":{"line":7,"column":2},"end":{"line":7,"column":7}},{"start":{"line":7,"column":11},"end":{"line":7,"column":29}}],"line":7},"6":{"loc":{"start":{"line":10,"column":2},"end":{"line":10,"column":64}},"type":"cond-expr","locations":[{"start":{"line":10,"column":34},"end":{"line":10,"column":52}},{"start":{"line":10,"column":55},"end":{"line":10,"column":64}}],"line":10},"7":{"loc":{"start":{"line":10,"column":2},"end":{"line":10,"column":31}},"type":"binary-expr","locations":[{"start":{"line":10,"column":2},"end":{"line":10,"column":7}},{"start":{"line":10,"column":11},"end":{"line":10,"column":31}}],"line":10},"8":{"loc":{"start":{"line":13,"column":2},"end":{"line":13,"column":62}},"type":"cond-expr","locations":[{"start":{"line":13,"column":25},"end":{"line":13,"column":50}},{"start":{"line":13,"column":53},"end":{"line":13,"column":62}}],"line":13},"9":{"loc":{"start":{"line":13,"column":2},"end":{"line":13,"column":22}},"type":"binary-expr","locations":[{"start":{"line":13,"column":2},"end":{"line":13,"column":7}},{"start":{"line":13,"column":11},"end":{"line":13,"column":22}}],"line":13},"10":{"loc":{"start":{"line":16,"column":2},"end":{"line":18,"column":15}},"type":"cond-expr","locations":[{"start":{"line":17,"column":6},"end":{"line":17,"column":29}},{"start":{"line":18,"column":6},"end":{"line":18,"column":15}}],"line":16},"11":{"loc":{"start":{"line":16,"column":2},"end":{"line":16,"column":67}},"type":"binary-expr","locations":[{"start":{"line":16,"column":2},"end":{"line":16,"column":7}},{"start":{"line":16,"column":11},"end":{"line":16,"column":67}}],"line":16},"12":{"loc":{"start":{"line":21,"column":2},"end":{"line":23,"column":15}},"type":"cond-expr","locations":[{"start":{"line":22,"column":6},"end":{"line":22,"column":36}},{"start":{"line":23,"column":6},"end":{"line":23,"column":15}}],"line":21},"13":{"loc":{"start":{"line":21,"column":2},"end":{"line":21,"column":39}},"type":"binary-expr","locations":[{"start":{"line":21,"column":2},"end":{"line":21,"column":7}},{"start":{"line":21,"column":11},"end":{"line":21,"column":39}}],"line":21}},"s":{"0":2,"1":0,"2":2,"3":10,"4":0,"5":2,"6":8,"7":0,"8":2,"9":0,"10":2,"11":0,"12":0,"13":2,"14":0,"15":2,"16":0,"17":2,"18":2,"19":2,"20":2,"21":2,"22":2,"23":2,"24":2,"25":2},"f":{"0":0,"1":10,"2":0,"3":8,"4":0,"5":0,"6":0,"7":0,"8":0,"9":0},"b":{"0":[0,0],"1":[0,0],"2":[0,0],"3":[0,0],"4":[0,0],"5":[0,0],"6":[0,0],"7":[0,0],"8":[0,0],"9":[0,0],"10":[0,0],"11":[0,0],"12":[0,0],"13":[0,0]},"_coverageSchema":"43e27e138ebf9cfc5966b082cf9a028302ed4184","hash":"e943c13576342aae4f4208f28877ff1385f79d2a"}
,"/Users/samuelosuh/codes/sendit-react/src/components/views/LandingPage.jsx": {"path":"/Users/samuelosuh/codes/sendit-react/src/components/views/LandingPage.jsx","statementMap":{"0":{"start":{"line":4,"column":20},"end":{"line":77,"column":1}},"1":{"start":{"line":5,"column":2},"end":{"line":76,"column":4}}},"fnMap":{"0":{"name":"(anonymous_0)","decl":{"start":{"line":4,"column":20},"end":{"line":4,"column":21}},"loc":{"start":{"line":4,"column":26},"end":{"line":77,"column":1}},"line":4}},"branchMap":{},"s":{"0":1,"1":1},"f":{"0":1},"b":{},"_coverageSchema":"43e27e138ebf9cfc5966b082cf9a028302ed4184","hash":"036f2060ee7d57e3365f70cf8d9e5a454b3aee6b"}
,"/Users/samuelosuh/codes/sendit-react/src/components/views/LoginPage.jsx": {"path":"/Users/samuelosuh/codes/sendit-react/src/components/views/LoginPage.jsx","statementMap":{"0":{"start":{"line":7,"column":18},"end":{"line":43,"column":1}},"1":{"start":{"line":13,"column":23},"end":{"line":20,"column":3}},"2":{"start":{"line":14,"column":4},"end":{"line":14,"column":23}},"3":{"start":{"line":15,"column":23},"end":{"line":15,"column":32}},"4":{"start":{"line":16,"column":22},"end":{"line":18,"column":5}},"5":{"start":{"line":17,"column":6},"end":{"line":17,"column":33}},"6":{"start":{"line":19,"column":4},"end":{"line":19,"column":33}},"7":{"start":{"line":22,"column":2},"end":{"line":42,"column":4}},"8":{"start":{"line":45,"column":24},"end":{"line":48,"column":2}},"9":{"start":{"line":45,"column":34},"end":{"line":48,"column":1}},"10":{"start":{"line":50,"column":27},"end":{"line":54,"column":1}},"11":{"start":{"line":51,"column":2},"end":{"line":53,"column":3}},"12":{"start":{"line":52,"column":36},"end":{"line":52,"column":72}}},"fnMap":{"0":{"name":"(anonymous_0)","decl":{"start":{"line":7,"column":18},"end":{"line":7,"column":19}},"loc":{"start":{"line":12,"column":6},"end":{"line":43,"column":1}},"line":12},"1":{"name":"(anonymous_1)","decl":{"start":{"line":13,"column":23},"end":{"line":13,"column":24}},"loc":{"start":{"line":13,"column":30},"end":{"line":20,"column":3}},"line":13},"2":{"name":"(anonymous_2)","decl":{"start":{"line":16,"column":22},"end":{"line":16,"column":23}},"loc":{"start":{"line":16,"column":28},"end":{"line":18,"column":5}},"line":16},"3":{"name":"(anonymous_3)","decl":{"start":{"line":45,"column":24},"end":{"line":45,"column":25}},"loc":{"start":{"line":45,"column":34},"end":{"line":48,"column":1}},"line":45},"4":{"name":"(anonymous_4)","decl":{"start":{"line":50,"column":27},"end":{"line":50,"column":28}},"loc":{"start":{"line":50,"column":39},"end":{"line":54,"column":1}},"line":50},"5":{"name":"(anonymous_5)","decl":{"start":{"line":52,"column":15},"end":{"line":52,"column":16}},"loc":{"start":{"line":52,"column":36},"end":{"line":52,"column":72}},"line":52}},"branchMap":{"0":{"loc":{"start":{"line":47,"column":22},"end":{"line":47,"column":63}},"type":"binary-expr","locations":[{"start":{"line":47,"column":22},"end":{"line":47,"column":50}},{"start":{"line":47,"column":54},"end":{"line":47,"column":63}}],"line":47}},"s":{"0":1,"1":0,"2":0,"3":0,"4":0,"5":0,"6":0,"7":0,"8":1,"9":0,"10":1,"11":0,"12":0},"f":{"0":0,"1":0,"2":0,"3":0,"4":0,"5":0},"b":{"0":[0,0]},"_coverageSchema":"43e27e138ebf9cfc5966b082cf9a028302ed4184","hash":"b908842b152f544a20632909331581e86369b9ab"}
,"/Users/samuelosuh/codes/sendit-react/src/redux/actionTypes.js": {"path":"/Users/samuelosuh/codes/sendit-react/src/redux/actionTypes.js","statementMap":{"0":{"start":{"line":1,"column":34},"end":{"line":1,"column":54}},"1":{"start":{"line":2,"column":34},"end":{"line":2,"column":54}},"2":{"start":{"line":3,"column":34},"end":{"line":3,"column":54}},"3":{"start":{"line":4,"column":33},"end":{"line":4,"column":52}},"4":{"start":{"line":5,"column":34},"end":{"line":5,"column":54}}},"fnMap":{},"branchMap":{},"s":{"0":2,"1":2,"2":2,"3":2,"4":2},"f":{},"b":{},"_coverageSchema":"43e27e138ebf9cfc5966b082cf9a028302ed4184","hash":"fa6934ba44db74b3edac5b7695e773bd65175211"}
,"/Users/samuelosuh/codes/sendit-react/src/redux/configureStore.js": {"path":"/Users/samuelosuh/codes/sendit-react/src/redux/configureStore.js","statementMap":{"0":{"start":{"line":5,"column":25},"end":{"line":5,"column":79}},"1":{"start":{"line":7,"column":21},"end":{"line":10,"column":1}}},"fnMap":{"0":{"name":"(anonymous_0)","decl":{"start":{"line":7,"column":15},"end":{"line":7,"column":16}},"loc":{"start":{"line":7,"column":21},"end":{"line":10,"column":1}},"line":7}},"branchMap":{"0":{"loc":{"start":{"line":5,"column":25},"end":{"line":5,"column":79}},"type":"binary-expr","locations":[{"start":{"line":5,"column":25},"end":{"line":5,"column":68}},{"start":{"line":5,"column":72},"end":{"line":5,"column":79}}],"line":5}},"s":{"0":1,"1":1},"f":{"0":1},"b":{"0":[1,1]},"_coverageSchema":"43e27e138ebf9cfc5966b082cf9a028302ed4184","hash":"d26670cb4a8a84990ea7614af612b4a23b8fa4aa"}
,"/Users/samuelosuh/codes/sendit-react/src/redux/actions/user.js": {"path":"/Users/samuelosuh/codes/sendit-react/src/redux/actions/user.js","statementMap":{"0":{"start":{"line":20,"column":23},"end":{"line":20,"column":31}},"1":{"start":{"line":21,"column":20},"end":{"line":21,"column":28}},"2":{"start":{"line":23,"column":25},"end":{"line":54,"column":1}},"3":{"start":{"line":23,"column":93},"end":{"line":54,"column":1}},"4":{"start":{"line":25,"column":2},"end":{"line":27,"column":5}},"5":{"start":{"line":29,"column":2},"end":{"line":53,"column":3}},"6":{"start":{"line":30,"column":21},"end":{"line":30,"column":46}},"7":{"start":{"line":31,"column":21},"end":{"line":31,"column":34}},"8":{"start":{"line":32,"column":4},"end":{"line":32,"column":30}},"9":{"start":{"line":34,"column":4},"end":{"line":37,"column":7}},"10":{"start":{"line":38,"column":4},"end":{"line":41,"column":7}},"11":{"start":{"line":42,"column":4},"end":{"line":42,"column":20}},"12":{"start":{"line":44,"column":4},"end":{"line":47,"column":7}},"13":{"start":{"line":48,"column":4},"end":{"line":51,"column":7}},"14":{"start":{"line":52,"column":4},"end":{"line":52,"column":17}}},"fnMap":{"0":{"name":"(anonymous_0)","decl":{"start":{"line":20,"column":23},"end":{"line":20,"column":24}},"loc":{"start":{"line":20,"column":29},"end":{"line":20,"column":31}},"line":20},"1":{"name":"(anonymous_1)","decl":{"start":{"line":21,"column":20},"end":{"line":21,"column":21}},"loc":{"start":{"line":21,"column":26},"end":{"line":21,"column":28}},"line":21},"2":{"name":"(anonymous_2)","decl":{"start":{"line":23,"column":25},"end":{"line":23,"column":26}},"loc":{"start":{"line":23,"column":93},"end":{"line":54,"column":1}},"line":23},"3":{"name":"(anonymous_3)","decl":{"start":{"line":23,"column":93},"end":{"line":23,"column":94}},"loc":{"start":{"line":23,"column":111},"end":{"line":54,"column":1}},"line":23}},"branchMap":{"0":{"loc":{"start":{"line":23,"column":32},"end":{"line":23,"column":62}},"type":"default-arg","locations":[{"start":{"line":23,"column":48},"end":{"line":23,"column":62}}],"line":23},"1":{"loc":{"start":{"line":23,"column":64},"end":{"line":23,"column":88}},"type":"default-arg","locations":[{"start":{"line":23,"column":77},"end":{"line":23,"column":88}}],"line":23}},"s":{"0":1,"1":1,"2":1,"3":0,"4":0,"5":0,"6":0,"7":0,"8":0,"9":0,"10":0,"11":0,"12":0,"13":0,"14":0},"f":{"0":0,"1":0,"2":0,"3":0},"b":{"0":[0],"1":[0]},"_coverageSchema":"43e27e138ebf9cfc5966b082cf9a028302ed4184","hash":"0fba5b50ffba3512e208c0ccb7d4eca332757562"}
,"/Users/samuelosuh/codes/sendit-react/src/redux/reducers/authReducer.js": {"path":"/Users/samuelosuh/codes/sendit-react/src/redux/reducers/authReducer.js","statementMap":{"0":{"start":{"line":3,"column":21},"end":{"line":6,"column":1}},"1":{"start":{"line":8,"column":20},"end":{"line":19,"column":1}},"2":{"start":{"line":9,"column":2},"end":{"line":18,"column":3}},"3":{"start":{"line":11,"column":6},"end":{"line":15,"column":8}},"4":{"start":{"line":17,"column":6},"end":{"line":17,"column":19}}},"fnMap":{"0":{"name":"(anonymous_0)","decl":{"start":{"line":8,"column":20},"end":{"line":8,"column":21}},"loc":{"start":{"line":8,"column":54},"end":{"line":19,"column":1}},"line":8}},"branchMap":{"0":{"loc":{"start":{"line":8,"column":21},"end":{"line":8,"column":41}},"type":"default-arg","locations":[{"start":{"line":8,"column":29},"end":{"line":8,"column":41}}],"line":8},"1":{"loc":{"start":{"line":9,"column":2},"end":{"line":18,"column":3}},"type":"switch","locations":[{"start":{"line":10,"column":4},"end":{"line":15,"column":8}},{"start":{"line":16,"column":4},"end":{"line":17,"column":19}}],"line":9}},"s":{"0":1,"1":1,"2":3,"3":0,"4":3},"f":{"0":3},"b":{"0":[3],"1":[0,3]},"_coverageSchema":"43e27e138ebf9cfc5966b082cf9a028302ed4184","hash":"7a0894e0eefef8a35ff595bf5684200a58059069"}
,"/Users/samuelosuh/codes/sendit-react/src/redux/reducers/index.js": {"path":"/Users/samuelosuh/codes/sendit-react/src/redux/reducers/index.js","statementMap":{"0":{"start":{"line":6,"column":20},"end":{"line":10,"column":2}}},"fnMap":{},"branchMap":{},"s":{"0":1},"f":{},"b":{},"_coverageSchema":"43e27e138ebf9cfc5966b082cf9a028302ed4184","hash":"165bfe666c2a005bb416a61f2a61946c5ea4333d"}
,"/Users/samuelosuh/codes/sendit-react/src/redux/reducers/serverErrorsReducer.js": {"path":"/Users/samuelosuh/codes/sendit-react/src/redux/reducers/serverErrorsReducer.js","statementMap":{"0":{"start":{"line":6,"column":21},"end":{"line":9,"column":1}},"1":{"start":{"line":11,"column":28},"end":{"line":27,"column":1}},"2":{"start":{"line":14,"column":2},"end":{"line":26,"column":3}},"3":{"start":{"line":16,"column":6},"end":{"line":19,"column":8}},"4":{"start":{"line":21,"column":6},"end":{"line":21,"column":28}},"5":{"start":{"line":22,"column":6},"end":{"line":22,"column":46}},"6":{"start":{"line":23,"column":6},"end":{"line":23,"column":22}},"7":{"start":{"line":25,"column":6},"end":{"line":25,"column":19}}},"fnMap":{"0":{"name":"(anonymous_0)","decl":{"start":{"line":11,"column":28},"end":{"line":11,"column":29}},"loc":{"start":{"line":11,"column":62},"end":{"line":27,"column":1}},"line":11}},"branchMap":{"0":{"loc":{"start":{"line":11,"column":29},"end":{"line":11,"column":49}},"type":"default-arg","locations":[{"start":{"line":11,"column":37},"end":{"line":11,"column":49}}],"line":11},"1":{"loc":{"start":{"line":14,"column":2},"end":{"line":26,"column":3}},"type":"switch","locations":[{"start":{"line":15,"column":4},"end":{"line":19,"column":8}},{"start":{"line":20,"column":4},"end":{"line":23,"column":22}},{"start":{"line":24,"column":4},"end":{"line":25,"column":19}}],"line":14}},"s":{"0":1,"1":1,"2":3,"3":0,"4":0,"5":0,"6":0,"7":3},"f":{"0":3},"b":{"0":[3],"1":[0,0,3]},"_coverageSchema":"43e27e138ebf9cfc5966b082cf9a028302ed4184","hash":"5569aa36f973a2cbdc183da6e8aa641a528b12d7"}
,"/Users/samuelosuh/codes/sendit-react/src/utils/ResponseException.js": {"path":"/Users/samuelosuh/codes/sendit-react/src/utils/ResponseException.js","statementMap":{"0":{"start":{"line":4,"column":23},"end":{"line":4,"column":44}},"1":{"start":{"line":6,"column":4},"end":{"line":6,"column":40}},"2":{"start":{"line":7,"column":4},"end":{"line":7,"column":34}},"3":{"start":{"line":9,"column":4},"end":{"line":9,"column":16}}},"fnMap":{"0":{"name":"(anonymous_0)","decl":{"start":{"line":2,"column":2},"end":{"line":2,"column":3}},"loc":{"start":{"line":2,"column":33},"end":{"line":10,"column":3}},"line":2}},"branchMap":{},"s":{"0":0,"1":0,"2":0,"3":0},"f":{"0":0},"b":{},"_coverageSchema":"43e27e138ebf9cfc5966b082cf9a028302ed4184","hash":"a57bc8a33676df71217ce4dee146365758ee7d61"}
,"/Users/samuelosuh/codes/sendit-react/src/utils/apiRequests.js": {"path":"/Users/samuelosuh/codes/sendit-react/src/utils/apiRequests.js","statementMap":{"0":{"start":{"line":3,"column":17},"end":{"line":6,"column":49}},"1":{"start":{"line":11,"column":26},"end":{"line":19,"column":1}},"2":{"start":{"line":12,"column":2},"end":{"line":18,"column":5}},"3":{"start":{"line":14,"column":4},"end":{"line":16,"column":5}},"4":{"start":{"line":15,"column":6},"end":{"line":15,"column":49}},"5":{"start":{"line":17,"column":4},"end":{"line":17,"column":22}},"6":{"start":{"line":21,"column":30},"end":{"line":29,"column":1}},"7":{"start":{"line":22,"column":2},"end":{"line":28,"column":5}},"8":{"start":{"line":24,"column":4},"end":{"line":26,"column":5}},"9":{"start":{"line":25,"column":6},"end":{"line":25,"column":49}},"10":{"start":{"line":27,"column":4},"end":{"line":27,"column":22}},"11":{"start":{"line":31,"column":30},"end":{"line":39,"column":1}},"12":{"start":{"line":32,"column":2},"end":{"line":38,"column":5}},"13":{"start":{"line":34,"column":4},"end":{"line":36,"column":5}},"14":{"start":{"line":35,"column":6},"end":{"line":35,"column":49}},"15":{"start":{"line":37,"column":4},"end":{"line":37,"column":22}},"16":{"start":{"line":41,"column":28},"end":{"line":49,"column":1}},"17":{"start":{"line":42,"column":2},"end":{"line":48,"column":5}},"18":{"start":{"line":44,"column":4},"end":{"line":46,"column":5}},"19":{"start":{"line":45,"column":6},"end":{"line":45,"column":49}},"20":{"start":{"line":47,"column":4},"end":{"line":47,"column":22}},"21":{"start":{"line":51,"column":25},"end":{"line":66,"column":1}},"22":{"start":{"line":52,"column":2},"end":{"line":65,"column":5}},"23":{"start":{"line":61,"column":4},"end":{"line":63,"column":5}},"24":{"start":{"line":62,"column":6},"end":{"line":62,"column":49}},"25":{"start":{"line":64,"column":4},"end":{"line":64,"column":22}},"26":{"start":{"line":68,"column":26},"end":{"line":83,"column":1}},"27":{"start":{"line":69,"column":2},"end":{"line":82,"column":4}},"28":{"start":{"line":78,"column":4},"end":{"line":80,"column":5}},"29":{"start":{"line":79,"column":6},"end":{"line":79,"column":49}},"30":{"start":{"line":81,"column":4},"end":{"line":81,"column":22}},"31":{"start":{"line":85,"column":28},"end":{"line":100,"column":1}},"32":{"start":{"line":86,"column":2},"end":{"line":99,"column":4}},"33":{"start":{"line":95,"column":4},"end":{"line":97,"column":5}},"34":{"start":{"line":96,"column":6},"end":{"line":96,"column":49}},"35":{"start":{"line":98,"column":4},"end":{"line":98,"column":22}},"36":{"start":{"line":102,"column":27},"end":{"line":117,"column":1}},"37":{"start":{"line":103,"column":2},"end":{"line":116,"column":4}},"38":{"start":{"line":112,"column":4},"end":{"line":114,"column":5}},"39":{"start":{"line":113,"column":6},"end":{"line":113,"column":49}},"40":{"start":{"line":115,"column":4},"end":{"line":115,"column":22}},"41":{"start":{"line":119,"column":31},"end":{"line":135,"column":1}},"42":{"start":{"line":120,"column":2},"end":{"line":134,"column":4}},"43":{"start":{"line":130,"column":4},"end":{"line":132,"column":5}},"44":{"start":{"line":131,"column":6},"end":{"line":131,"column":49}},"45":{"start":{"line":133,"column":4},"end":{"line":133,"column":22}},"46":{"start":{"line":137,"column":28},"end":{"line":153,"column":1}},"47":{"start":{"line":138,"column":2},"end":{"line":152,"column":4}},"48":{"start":{"line":148,"column":4},"end":{"line":150,"column":5}},"49":{"start":{"line":149,"column":6},"end":{"line":149,"column":49}},"50":{"start":{"line":151,"column":4},"end":{"line":151,"column":22}},"51":{"start":{"line":155,"column":35},"end":{"line":171,"column":1}},"52":{"start":{"line":156,"column":2},"end":{"line":170,"column":4}},"53":{"start":{"line":166,"column":4},"end":{"line":168,"column":5}},"54":{"start":{"line":167,"column":6},"end":{"line":167,"column":49}},"55":{"start":{"line":169,"column":4},"end":{"line":169,"column":22}},"56":{"start":{"line":173,"column":36},"end":{"line":188,"column":1}},"57":{"start":{"line":174,"column":2},"end":{"line":187,"column":4}},"58":{"start":{"line":183,"column":4},"end":{"line":185,"column":5}},"59":{"start":{"line":184,"column":6},"end":{"line":184,"column":49}},"60":{"start":{"line":186,"column":4},"end":{"line":186,"column":22}},"61":{"start":{"line":190,"column":30},"end":{"line":206,"column":1}},"62":{"start":{"line":191,"column":2},"end":{"line":205,"column":4}},"63":{"start":{"line":201,"column":4},"end":{"line":203,"column":5}},"64":{"start":{"line":202,"column":6},"end":{"line":202,"column":49}},"65":{"start":{"line":204,"column":4},"end":{"line":204,"column":22}},"66":{"start":{"line":208,"column":27},"end":{"line":224,"column":1}},"67":{"start":{"line":209,"column":2},"end":{"line":223,"column":4}},"68":{"start":{"line":219,"column":4},"end":{"line":221,"column":5}},"69":{"start":{"line":220,"column":6},"end":{"line":220,"column":49}},"70":{"start":{"line":222,"column":4},"end":{"line":222,"column":22}}},"fnMap":{"0":{"name":"(anonymous_0)","decl":{"start":{"line":11,"column":26},"end":{"line":11,"column":27}},"loc":{"start":{"line":11,"column":36},"end":{"line":19,"column":1}},"line":11},"1":{"name":"(anonymous_1)","decl":{"start":{"line":13,"column":8},"end":{"line":13,"column":9}},"loc":{"start":{"line":13,"column":21},"end":{"line":18,"column":3}},"line":13},"2":{"name":"(anonymous_2)","decl":{"start":{"line":21,"column":30},"end":{"line":21,"column":31}},"loc":{"start":{"line":21,"column":40},"end":{"line":29,"column":1}},"line":21},"3":{"name":"(anonymous_3)","decl":{"start":{"line":23,"column":8},"end":{"line":23,"column":9}},"loc":{"start":{"line":23,"column":21},"end":{"line":28,"column":3}},"line":23},"4":{"name":"(anonymous_4)","decl":{"start":{"line":31,"column":30},"end":{"line":31,"column":31}},"loc":{"start":{"line":31,"column":40},"end":{"line":39,"column":1}},"line":31},"5":{"name":"(anonymous_5)","decl":{"start":{"line":33,"column":8},"end":{"line":33,"column":9}},"loc":{"start":{"line":33,"column":21},"end":{"line":38,"column":3}},"line":33},"6":{"name":"(anonymous_6)","decl":{"start":{"line":41,"column":28},"end":{"line":41,"column":29}},"loc":{"start":{"line":41,"column":38},"end":{"line":49,"column":1}},"line":41},"7":{"name":"(anonymous_7)","decl":{"start":{"line":43,"column":8},"end":{"line":43,"column":9}},"loc":{"start":{"line":43,"column":21},"end":{"line":48,"column":3}},"line":43},"8":{"name":"(anonymous_8)","decl":{"start":{"line":51,"column":25},"end":{"line":51,"column":26}},"loc":{"start":{"line":51,"column":35},"end":{"line":66,"column":1}},"line":51},"9":{"name":"(anonymous_9)","decl":{"start":{"line":60,"column":8},"end":{"line":60,"column":9}},"loc":{"start":{"line":60,"column":21},"end":{"line":65,"column":3}},"line":60},"10":{"name":"(anonymous_10)","decl":{"start":{"line":68,"column":26},"end":{"line":68,"column":27}},"loc":{"start":{"line":68,"column":36},"end":{"line":83,"column":1}},"line":68},"11":{"name":"(anonymous_11)","decl":{"start":{"line":77,"column":8},"end":{"line":77,"column":9}},"loc":{"start":{"line":77,"column":21},"end":{"line":82,"column":3}},"line":77},"12":{"name":"(anonymous_12)","decl":{"start":{"line":85,"column":28},"end":{"line":85,"column":29}},"loc":{"start":{"line":85,"column":38},"end":{"line":100,"column":1}},"line":85},"13":{"name":"(anonymous_13)","decl":{"start":{"line":94,"column":8},"end":{"line":94,"column":9}},"loc":{"start":{"line":94,"column":21},"end":{"line":99,"column":3}},"line":94},"14":{"name":"(anonymous_14)","decl":{"start":{"line":102,"column":27},"end":{"line":102,"column":28}},"loc":{"start":{"line":102,"column":37},"end":{"line":117,"column":1}},"line":102},"15":{"name":"(anonymous_15)","decl":{"start":{"line":111,"column":8},"end":{"line":111,"column":9}},"loc":{"start":{"line":111,"column":21},"end":{"line":116,"column":3}},"line":111},"16":{"name":"(anonymous_16)","decl":{"start":{"line":119,"column":31},"end":{"line":119,"column":32}},"loc":{"start":{"line":119,"column":58},"end":{"line":135,"column":1}},"line":119},"17":{"name":"(anonymous_17)","decl":{"start":{"line":129,"column":8},"end":{"line":129,"column":9}},"loc":{"start":{"line":129,"column":21},"end":{"line":134,"column":3}},"line":129},"18":{"name":"(anonymous_18)","decl":{"start":{"line":137,"column":28},"end":{"line":137,"column":29}},"loc":{"start":{"line":137,"column":55},"end":{"line":153,"column":1}},"line":137},"19":{"name":"(anonymous_19)","decl":{"start":{"line":147,"column":8},"end":{"line":147,"column":9}},"loc":{"start":{"line":147,"column":21},"end":{"line":152,"column":3}},"line":147},"20":{"name":"(anonymous_20)","decl":{"start":{"line":155,"column":35},"end":{"line":155,"column":36}},"loc":{"start":{"line":155,"column":62},"end":{"line":171,"column":1}},"line":155},"21":{"name":"(anonymous_21)","decl":{"start":{"line":165,"column":8},"end":{"line":165,"column":9}},"loc":{"start":{"line":165,"column":21},"end":{"line":170,"column":3}},"line":165},"22":{"name":"(anonymous_22)","decl":{"start":{"line":173,"column":36},"end":{"line":173,"column":37}},"loc":{"start":{"line":173,"column":46},"end":{"line":188,"column":1}},"line":173},"23":{"name":"(anonymous_23)","decl":{"start":{"line":182,"column":8},"end":{"line":182,"column":9}},"loc":{"start":{"line":182,"column":21},"end":{"line":187,"column":3}},"line":182},"24":{"name":"(anonymous_24)","decl":{"start":{"line":190,"column":30},"end":{"line":190,"column":31}},"loc":{"start":{"line":190,"column":47},"end":{"line":206,"column":1}},"line":190},"25":{"name":"(anonymous_25)","decl":{"start":{"line":200,"column":8},"end":{"line":200,"column":9}},"loc":{"start":{"line":200,"column":21},"end":{"line":205,"column":3}},"line":200},"26":{"name":"(anonymous_26)","decl":{"start":{"line":208,"column":27},"end":{"line":208,"column":28}},"loc":{"start":{"line":208,"column":44},"end":{"line":224,"column":1}},"line":208},"27":{"name":"(anonymous_27)","decl":{"start":{"line":218,"column":8},"end":{"line":218,"column":9}},"loc":{"start":{"line":218,"column":21},"end":{"line":223,"column":3}},"line":218}},"branchMap":{"0":{"loc":{"start":{"line":3,"column":17},"end":{"line":6,"column":49}},"type":"cond-expr","locations":[{"start":{"line":5,"column":2},"end":{"line":5,"column":49}},{"start":{"line":6,"column":2},"end":{"line":6,"column":49}}],"line":3},"1":{"loc":{"start":{"line":14,"column":4},"end":{"line":16,"column":5}},"type":"if","locations":[{"start":{"line":14,"column":4},"end":{"line":16,"column":5}},{"start":{"line":14,"column":4},"end":{"line":16,"column":5}}],"line":14},"2":{"loc":{"start":{"line":24,"column":4},"end":{"line":26,"column":5}},"type":"if","locations":[{"start":{"line":24,"column":4},"end":{"line":26,"column":5}},{"start":{"line":24,"column":4},"end":{"line":26,"column":5}}],"line":24},"3":{"loc":{"start":{"line":34,"column":4},"end":{"line":36,"column":5}},"type":"if","locations":[{"start":{"line":34,"column":4},"end":{"line":36,"column":5}},{"start":{"line":34,"column":4},"end":{"line":36,"column":5}}],"line":34},"4":{"loc":{"start":{"line":44,"column":4},"end":{"line":46,"column":5}},"type":"if","locations":[{"start":{"line":44,"column":4},"end":{"line":46,"column":5}},{"start":{"line":44,"column":4},"end":{"line":46,"column":5}}],"line":44},"5":{"loc":{"start":{"line":61,"column":4},"end":{"line":63,"column":5}},"type":"if","locations":[{"start":{"line":61,"column":4},"end":{"line":63,"column":5}},{"start":{"line":61,"column":4},"end":{"line":63,"column":5}}],"line":61},"6":{"loc":{"start":{"line":78,"column":4},"end":{"line":80,"column":5}},"type":"if","locations":[{"start":{"line":78,"column":4},"end":{"line":80,"column":5}},{"start":{"line":78,"column":4},"end":{"line":80,"column":5}}],"line":78},"7":{"loc":{"start":{"line":95,"column":4},"end":{"line":97,"column":5}},"type":"if","locations":[{"start":{"line":95,"column":4},"end":{"line":97,"column":5}},{"start":{"line":95,"column":4},"end":{"line":97,"column":5}}],"line":95},"8":{"loc":{"start":{"line":112,"column":4},"end":{"line":114,"column":5}},"type":"if","locations":[{"start":{"line":112,"column":4},"end":{"line":114,"column":5}},{"start":{"line":112,"column":4},"end":{"line":114,"column":5}}],"line":112},"9":{"loc":{"start":{"line":130,"column":4},"end":{"line":132,"column":5}},"type":"if","locations":[{"start":{"line":130,"column":4},"end":{"line":132,"column":5}},{"start":{"line":130,"column":4},"end":{"line":132,"column":5}}],"line":130},"10":{"loc":{"start":{"line":148,"column":4},"end":{"line":150,"column":5}},"type":"if","locations":[{"start":{"line":148,"column":4},"end":{"line":150,"column":5}},{"start":{"line":148,"column":4},"end":{"line":150,"column":5}}],"line":148},"11":{"loc":{"start":{"line":166,"column":4},"end":{"line":168,"column":5}},"type":"if","locations":[{"start":{"line":166,"column":4},"end":{"line":168,"column":5}},{"start":{"line":166,"column":4},"end":{"line":168,"column":5}}],"line":166},"12":{"loc":{"start":{"line":183,"column":4},"end":{"line":185,"column":5}},"type":"if","locations":[{"start":{"line":183,"column":4},"end":{"line":185,"column":5}},{"start":{"line":183,"column":4},"end":{"line":185,"column":5}}],"line":183},"13":{"loc":{"start":{"line":201,"column":4},"end":{"line":203,"column":5}},"type":"if","locations":[{"start":{"line":201,"column":4},"end":{"line":203,"column":5}},{"start":{"line":201,"column":4},"end":{"line":203,"column":5}}],"line":201},"14":{"loc":{"start":{"line":219,"column":4},"end":{"line":221,"column":5}},"type":"if","locations":[{"start":{"line":219,"column":4},"end":{"line":221,"column":5}},{"start":{"line":219,"column":4},"end":{"line":221,"column":5}}],"line":219}},"s":{"0":1,"1":1,"2":0,"3":0,"4":0,"5":0,"6":1,"7":0,"8":0,"9":0,"10":0,"11":1,"12":0,"13":0,"14":0,"15":0,"16":1,"17":0,"18":0,"19":0,"20":0,"21":1,"22":0,"23":0,"24":0,"25":0,"26":1,"27":0,"28":0,"29":0,"30":0,"31":1,"32":0,"33":0,"34":0,"35":0,"36":1,"37":0,"38":0,"39":0,"40":0,"41":1,"42":0,"43":0,"44":0,"45":0,"46":1,"47":0,"48":0,"49":0,"50":0,"51":1,"52":0,"53":0,"54":0,"55":0,"56":1,"57":0,"58":0,"59":0,"60":0,"61":1,"62":0,"63":0,"64":0,"65":0,"66":1,"67":0,"68":0,"69":0,"70":0},"f":{"0":0,"1":0,"2":0,"3":0,"4":0,"5":0,"6":0,"7":0,"8":0,"9":0,"10":0,"11":0,"12":0,"13":0,"14":0,"15":0,"16":0,"17":0,"18":0,"19":0,"20":0,"21":0,"22":0,"23":0,"24":0,"25":0,"26":0,"27":0},"b":{"0":[0,1],"1":[0,0],"2":[0,0],"3":[0,0],"4":[0,0],"5":[0,0],"6":[0,0],"7":[0,0],"8":[0,0],"9":[0,0],"10":[0,0],"11":[0,0],"12":[0,0],"13":[0,0],"14":[0,0]},"_coverageSchema":"43e27e138ebf9cfc5966b082cf9a028302ed4184","hash":"93daf2bcd9f3ed94db9c68138aa1ba4f1f2909ca"}
,"/Users/samuelosuh/codes/sendit-react/src/utils/localStorage.js": {"path":"/Users/samuelosuh/codes/sendit-react/src/utils/localStorage.js","statementMap":{"0":{"start":{"line":1,"column":25},"end":{"line":4,"column":1}},"1":{"start":{"line":2,"column":13},"end":{"line":2,"column":57}},"2":{"start":{"line":3,"column":2},"end":{"line":3,"column":14}},"3":{"start":{"line":6,"column":24},"end":{"line":10,"column":1}},"4":{"start":{"line":7,"column":2},"end":{"line":9,"column":3}},"5":{"start":{"line":8,"column":4},"end":{"line":8,"column":59}},"6":{"start":{"line":12,"column":22},"end":{"line":14,"column":1}},"7":{"start":{"line":13,"column":2},"end":{"line":13,"column":38}}},"fnMap":{"0":{"name":"(anonymous_0)","decl":{"start":{"line":1,"column":25},"end":{"line":1,"column":26}},"loc":{"start":{"line":1,"column":31},"end":{"line":4,"column":1}},"line":1},"1":{"name":"(anonymous_1)","decl":{"start":{"line":6,"column":24},"end":{"line":6,"column":25}},"loc":{"start":{"line":6,"column":34},"end":{"line":10,"column":1}},"line":6},"2":{"name":"(anonymous_2)","decl":{"start":{"line":12,"column":22},"end":{"line":12,"column":23}},"loc":{"start":{"line":12,"column":28},"end":{"line":14,"column":1}},"line":12}},"branchMap":{"0":{"loc":{"start":{"line":7,"column":2},"end":{"line":9,"column":3}},"type":"if","locations":[{"start":{"line":7,"column":2},"end":{"line":9,"column":3}},{"start":{"line":7,"column":2},"end":{"line":9,"column":3}}],"line":7}},"s":{"0":1,"1":0,"2":0,"3":1,"4":0,"5":0,"6":1,"7":0},"f":{"0":0,"1":0,"2":0},"b":{"0":[0,0]},"_coverageSchema":"43e27e138ebf9cfc5966b082cf9a028302ed4184","hash":"761d91c06a7998bd1ce4b95e8c9bd363d78e2faa"}
}
