{"/Users/samuelosuh/codes/sendit-react/src/components/views/LandingPage.jsx": {"path":"/Users/samuelosuh/codes/sendit-react/src/components/views/LandingPage.jsx","statementMap":{"0":{"start":{"line":4,"column":20},"end":{"line":77,"column":1}},"1":{"start":{"line":5,"column":2},"end":{"line":76,"column":4}}},"fnMap":{"0":{"name":"(anonymous_0)","decl":{"start":{"line":4,"column":20},"end":{"line":4,"column":21}},"loc":{"start":{"line":4,"column":26},"end":{"line":77,"column":1}},"line":4}},"branchMap":{},"s":{"0":1,"1":1},"f":{"0":1},"b":{},"_coverageSchema":"43e27e138ebf9cfc5966b082cf9a028302ed4184","hash":"036f2060ee7d57e3365f70cf8d9e5a454b3aee6b"}
,"/Users/samuelosuh/codes/sendit-react/src/components/views/LoginPage.jsx": {"path":"/Users/samuelosuh/codes/sendit-react/src/components/views/LoginPage.jsx","statementMap":{"0":{"start":{"line":4,"column":18},"end":{"line":54,"column":1}},"1":{"start":{"line":5,"column":2},"end":{"line":53,"column":4}}},"fnMap":{"0":{"name":"(anonymous_0)","decl":{"start":{"line":4,"column":18},"end":{"line":4,"column":19}},"loc":{"start":{"line":4,"column":24},"end":{"line":54,"column":1}},"line":4}},"branchMap":{},"s":{"0":1,"1":1},"f":{"0":1},"b":{},"_coverageSchema":"43e27e138ebf9cfc5966b082cf9a028302ed4184","hash":"e77c24114e9d6e28c70f1f180fff6c90ea4aa8f9"}
}
