TN:
SF:/Users/samuelosuh/codes/sendit-react/src/components/forms/LoginForm.jsx
FN:7,(anonymous_0)
FN:26,(anonymous_1)
FNF:2
FNH:0
FNDA:0,(anonymous_0)
FNDA:0,(anonymous_1)
DA:7,2
DA:13,0
DA:26,2
DA:27,0
DA:28,0
LF:5
LH:2
BRDA:16,0,0,0
BRDA:16,0,1,0
BRDA:16,0,2,0
BRDA:32,1,0,0
BRDA:32,1,1,0
BRF:5
BRH:0
end_of_record
TN:
SF:/Users/samuelosuh/codes/sendit-react/src/components/forms/rules/formRules.js
FNF:0
FNH:0
DA:14,2
DA:19,2
LF:2
LH:2
BRF:0
BRH:0
end_of_record
TN:
SF:/Users/samuelosuh/codes/sendit-react/src/components/forms/rules/rules.js
FN:1,(anonymous_0)
FN:3,(anonymous_1)
FN:3,(anonymous_2)
FN:6,(anonymous_3)
FN:6,(anonymous_4)
FN:9,(anonymous_5)
FN:12,(anonymous_6)
FN:12,(anonymous_7)
FN:15,(anonymous_8)
FN:20,(anonymous_9)
FNF:10
FNH:2
FNDA:0,(anonymous_0)
FNDA:10,(anonymous_1)
FNDA:0,(anonymous_2)
FNDA:8,(anonymous_3)
FNDA:0,(anonymous_4)
FNDA:0,(anonymous_5)
FNDA:0,(anonymous_6)
FNDA:0,(anonymous_7)
FNDA:0,(anonymous_8)
FNDA:0,(anonymous_9)
DA:1,2
DA:3,10
DA:4,0
DA:6,8
DA:7,0
DA:9,2
DA:10,0
DA:12,2
DA:13,0
DA:15,2
DA:16,0
DA:20,2
DA:21,0
DA:25,2
DA:26,2
DA:27,2
DA:28,2
DA:30,2
DA:31,2
DA:32,2
DA:33,2
DA:34,2
LF:22
LH:16
BRDA:1,0,0,0
BRDA:1,0,1,0
BRDA:1,1,0,0
BRDA:1,1,1,0
BRDA:4,2,0,0
BRDA:4,2,1,0
BRDA:4,3,0,0
BRDA:4,3,1,0
BRDA:7,4,0,0
BRDA:7,4,1,0
BRDA:7,5,0,0
BRDA:7,5,1,0
BRDA:10,6,0,0
BRDA:10,6,1,0
BRDA:10,7,0,0
BRDA:10,7,1,0
BRDA:13,8,0,0
BRDA:13,8,1,0
BRDA:13,9,0,0
BRDA:13,9,1,0
BRDA:16,10,0,0
BRDA:16,10,1,0
BRDA:16,11,0,0
BRDA:16,11,1,0
BRDA:21,12,0,0
BRDA:21,12,1,0
BRDA:21,13,0,0
BRDA:21,13,1,0
BRF:28
BRH:0
end_of_record
TN:
SF:/Users/samuelosuh/codes/sendit-react/src/components/views/LandingPage.jsx
FN:4,(anonymous_0)
FNF:1
FNH:1
FNDA:1,(anonymous_0)
DA:4,1
DA:5,1
LF:2
LH:2
BRF:0
BRH:0
end_of_record
TN:
SF:/Users/samuelosuh/codes/sendit-react/src/components/views/LoginPage.jsx
FN:7,(anonymous_0)
FN:13,(anonymous_1)
FN:16,(anonymous_2)
FN:45,(anonymous_3)
FN:50,(anonymous_4)
FN:52,(anonymous_5)
FNF:6
FNH:0
FNDA:0,(anonymous_0)
FNDA:0,(anonymous_1)
FNDA:0,(anonymous_2)
FNDA:0,(anonymous_3)
FNDA:0,(anonymous_4)
FNDA:0,(anonymous_5)
DA:7,1
DA:13,0
DA:14,0
DA:15,0
DA:16,0
DA:17,0
DA:19,0
DA:22,0
DA:45,1
DA:50,1
DA:51,0
DA:52,0
LF:12
LH:3
BRDA:47,0,0,0
BRDA:47,0,1,0
BRF:2
BRH:0
end_of_record
TN:
SF:/Users/samuelosuh/codes/sendit-react/src/redux/actionTypes.js
FNF:0
FNH:0
DA:1,2
DA:2,2
DA:3,2
DA:4,2
DA:5,2
LF:5
LH:5
BRF:0
BRH:0
end_of_record
TN:
SF:/Users/samuelosuh/codes/sendit-react/src/redux/configureStore.js
FN:7,(anonymous_0)
FNF:1
FNH:1
FNDA:1,(anonymous_0)
DA:5,1
DA:7,1
LF:2
LH:2
BRDA:5,0,0,1
BRDA:5,0,1,1
BRF:2
BRH:2
end_of_record
TN:
SF:/Users/samuelosuh/codes/sendit-react/src/redux/actions/user.js
FN:20,(anonymous_0)
FN:21,(anonymous_1)
FN:23,(anonymous_2)
FN:23,(anonymous_3)
FNF:4
FNH:0
FNDA:0,(anonymous_0)
FNDA:0,(anonymous_1)
FNDA:0,(anonymous_2)
FNDA:0,(anonymous_3)
DA:20,1
DA:21,1
DA:23,1
DA:25,0
DA:29,0
DA:30,0
DA:31,0
DA:32,0
DA:34,0
DA:38,0
DA:42,0
DA:44,0
DA:48,0
DA:52,0
LF:14
LH:3
BRDA:23,0,0,0
BRDA:23,1,0,0
BRF:2
BRH:0
end_of_record
TN:
SF:/Users/samuelosuh/codes/sendit-react/src/redux/reducers/authReducer.js
FN:8,(anonymous_0)
FNF:1
FNH:1
FNDA:3,(anonymous_0)
DA:3,1
DA:8,1
DA:9,3
DA:11,0
DA:17,3
LF:5
LH:4
BRDA:8,0,0,3
BRDA:9,1,0,0
BRDA:9,1,1,3
BRF:3
BRH:2
end_of_record
TN:
SF:/Users/samuelosuh/codes/sendit-react/src/redux/reducers/index.js
FNF:0
FNH:0
DA:6,1
LF:1
LH:1
BRF:0
BRH:0
end_of_record
TN:
SF:/Users/samuelosuh/codes/sendit-react/src/redux/reducers/serverErrorsReducer.js
FN:11,(anonymous_0)
FNF:1
FNH:1
FNDA:3,(anonymous_0)
DA:6,1
DA:11,1
DA:14,3
DA:16,0
DA:21,0
DA:22,0
DA:23,0
DA:25,3
LF:8
LH:4
BRDA:11,0,0,3
BRDA:14,1,0,0
BRDA:14,1,1,0
BRDA:14,1,2,3
BRF:4
BRH:2
end_of_record
TN:
SF:/Users/samuelosuh/codes/sendit-react/src/utils/ResponseException.js
FN:2,(anonymous_0)
FNF:1
FNH:0
FNDA:0,(anonymous_0)
DA:4,0
DA:6,0
DA:7,0
DA:9,0
LF:4
LH:0
BRF:0
BRH:0
end_of_record
TN:
SF:/Users/samuelosuh/codes/sendit-react/src/utils/apiRequests.js
FN:11,(anonymous_0)
FN:13,(anonymous_1)
FN:21,(anonymous_2)
FN:23,(anonymous_3)
FN:31,(anonymous_4)
FN:33,(anonymous_5)
FN:41,(anonymous_6)
FN:43,(anonymous_7)
FN:51,(anonymous_8)
FN:60,(anonymous_9)
FN:68,(anonymous_10)
FN:77,(anonymous_11)
FN:85,(anonymous_12)
FN:94,(anonymous_13)
FN:102,(anonymous_14)
FN:111,(anonymous_15)
FN:119,(anonymous_16)
FN:129,(anonymous_17)
FN:137,(anonymous_18)
FN:147,(anonymous_19)
FN:155,(anonymous_20)
FN:165,(anonymous_21)
FN:173,(anonymous_22)
FN:182,(anonymous_23)
FN:190,(anonymous_24)
FN:200,(anonymous_25)
FN:208,(anonymous_26)
FN:218,(anonymous_27)
FNF:28
FNH:0
FNDA:0,(anonymous_0)
FNDA:0,(anonymous_1)
FNDA:0,(anonymous_2)
FNDA:0,(anonymous_3)
FNDA:0,(anonymous_4)
FNDA:0,(anonymous_5)
FNDA:0,(anonymous_6)
FNDA:0,(anonymous_7)
FNDA:0,(anonymous_8)
FNDA:0,(anonymous_9)
FNDA:0,(anonymous_10)
FNDA:0,(anonymous_11)
FNDA:0,(anonymous_12)
FNDA:0,(anonymous_13)
FNDA:0,(anonymous_14)
FNDA:0,(anonymous_15)
FNDA:0,(anonymous_16)
FNDA:0,(anonymous_17)
FNDA:0,(anonymous_18)
FNDA:0,(anonymous_19)
FNDA:0,(anonymous_20)
FNDA:0,(anonymous_21)
FNDA:0,(anonymous_22)
FNDA:0,(anonymous_23)
FNDA:0,(anonymous_24)
FNDA:0,(anonymous_25)
FNDA:0,(anonymous_26)
FNDA:0,(anonymous_27)
DA:3,1
DA:11,1
DA:12,0
DA:14,0
DA:15,0
DA:17,0
DA:21,1
DA:22,0
DA:24,0
DA:25,0
DA:27,0
DA:31,1
DA:32,0
DA:34,0
DA:35,0
DA:37,0
DA:41,1
DA:42,0
DA:44,0
DA:45,0
DA:47,0
DA:51,1
DA:52,0
DA:61,0
DA:62,0
DA:64,0
DA:68,1
DA:69,0
DA:78,0
DA:79,0
DA:81,0
DA:85,1
DA:86,0
DA:95,0
DA:96,0
DA:98,0
DA:102,1
DA:103,0
DA:112,0
DA:113,0
DA:115,0
DA:119,1
DA:120,0
DA:130,0
DA:131,0
DA:133,0
DA:137,1
DA:138,0
DA:148,0
DA:149,0
DA:151,0
DA:155,1
DA:156,0
DA:166,0
DA:167,0
DA:169,0
DA:173,1
DA:174,0
DA:183,0
DA:184,0
DA:186,0
DA:190,1
DA:191,0
DA:201,0
DA:202,0
DA:204,0
DA:208,1
DA:209,0
DA:219,0
DA:220,0
DA:222,0
LF:71
LH:15
BRDA:3,0,0,0
BRDA:3,0,1,1
BRDA:14,1,0,0
BRDA:14,1,1,0
BRDA:24,2,0,0
BRDA:24,2,1,0
BRDA:34,3,0,0
BRDA:34,3,1,0
BRDA:44,4,0,0
BRDA:44,4,1,0
BRDA:61,5,0,0
BRDA:61,5,1,0
BRDA:78,6,0,0
BRDA:78,6,1,0
BRDA:95,7,0,0
BRDA:95,7,1,0
BRDA:112,8,0,0
BRDA:112,8,1,0
BRDA:130,9,0,0
BRDA:130,9,1,0
BRDA:148,10,0,0
BRDA:148,10,1,0
BRDA:166,11,0,0
BRDA:166,11,1,0
BRDA:183,12,0,0
BRDA:183,12,1,0
BRDA:201,13,0,0
BRDA:201,13,1,0
BRDA:219,14,0,0
BRDA:219,14,1,0
BRF:30
BRH:1
end_of_record
TN:
SF:/Users/samuelosuh/codes/sendit-react/src/utils/localStorage.js
FN:1,(anonymous_0)
FN:6,(anonymous_1)
FN:12,(anonymous_2)
FNF:3
FNH:0
FNDA:0,(anonymous_0)
FNDA:0,(anonymous_1)
FNDA:0,(anonymous_2)
DA:1,1
DA:2,0
DA:3,0
DA:6,1
DA:7,0
DA:8,0
DA:12,1
DA:13,0
LF:8
LH:3
BRDA:7,0,0,0
BRDA:7,0,1,0
BRF:2
BRH:0
end_of_record
